<?xml version="1.0" encoding="UTF-8"?>
<coverage generated="1696368291313" clover="3.2.0">
  <project timestamp="1696368291313" name="All files">
    <metrics statements="25" coveredstatements="19" conditionals="10" coveredconditionals="6" methods="12" coveredmethods="6" elements="47" coveredelements="31" complexity="0" loc="25" ncloc="25" packages="1" files="2" classes="2"/>
    <file name="ErrorLogin.tsx" path="/Users/esthefaniagv/burguer-queen-api-client/src/components/ErrorLogin.tsx">
      <metrics statements="2" coveredstatements="1" conditionals="0" coveredconditionals="0" methods="1" coveredmethods="0"/>
      <line num="2" count="1" type="stmt"/>
      <line num="3" count="0" type="stmt"/>
    </file>
    <file name="LoginForm.tsx" path="/Users/esthefaniagv/burguer-queen-api-client/src/components/LoginForm.tsx">
      <metrics statements="23" coveredstatements="18" conditionals="10" coveredconditionals="6" methods="11" coveredmethods="6"/>
      <line num="6" count="1" type="stmt"/>
      <line num="7" count="2" type="stmt"/>
      <line num="8" count="2" type="stmt"/>
      <line num="10" count="2" type="stmt"/>
      <line num="11" count="1" type="stmt"/>
      <line num="13" count="1" type="stmt"/>
      <line num="14" count="1" type="stmt"/>
      <line num="16" count="1" type="stmt"/>
      <line num="18" count="1" type="cond" truecount="1" falsecount="1"/>
      <line num="19" count="1" type="stmt"/>
      <line num="20" count="1" type="stmt"/>
      <line num="21" count="1" type="stmt"/>
      <line num="22" count="1" type="stmt"/>
      <line num="23" count="1" type="cond" truecount="1" falsecount="1"/>
      <line num="24" count="1" type="stmt"/>
      <line num="26" count="1" type="cond" truecount="1" falsecount="1"/>
      <line num="27" count="0" type="stmt"/>
      <line num="31" count="0" type="stmt"/>
      <line num="32" count="0" type="stmt"/>
      <line num="33" count="0" type="stmt"/>
      <line num="38" count="0" type="stmt"/>
      <line num="42" count="2" type="stmt"/>
      <line num="102" count="1" type="cond" truecount="2" falsecount="0"/>
    </file>
  </project>
</coverage>
