<?xml version="1.0" encoding="UTF-8"?>
<coverage generated="1697547864666" clover="3.2.0">
  <project timestamp="1697547864666" name="All files">
    <metrics statements="34" coveredstatements="25" conditionals="12" coveredconditionals="7" methods="15" coveredmethods="8" elements="61" coveredelements="40" complexity="0" loc="34" ncloc="34" packages="2" files="5" classes="5"/>
    <package name="components">
      <metrics statements="31" coveredstatements="24" conditionals="12" coveredconditionals="7" methods="14" coveredmethods="8"/>
      <file name="ErrorLogin.tsx" path="C:\Users\Nacha\Documents\Laboratoria\BQA-Client\src\components\ErrorLogin.tsx">
        <metrics statements="2" coveredstatements="1" conditionals="0" coveredconditionals="0" methods="1" coveredmethods="0"/>
        <line num="2" count="3" type="stmt"/>
        <line num="3" count="0" type="stmt"/>
      </file>
      <file name="ErrorRoute.tsx" path="C:\Users\Nacha\Documents\Laboratoria\BQA-Client\src\components\ErrorRoute.tsx">
        <metrics statements="2" coveredstatements="2" conditionals="0" coveredconditionals="0" methods="1" coveredmethods="1"/>
        <line num="5" count="1" type="stmt"/>
        <line num="6" count="1" type="stmt"/>
      </file>
      <file name="Login.tsx" path="C:\Users\Nacha\Documents\Laboratoria\BQA-Client\src\components\Login.tsx">
        <metrics statements="2" coveredstatements="2" conditionals="0" coveredconditionals="0" methods="1" coveredmethods="1"/>
        <line num="5" count="1" type="stmt"/>
        <line num="7" count="1" type="stmt"/>
      </file>
      <file name="LoginForm.tsx" path="C:\Users\Nacha\Documents\Laboratoria\BQA-Client\src\components\LoginForm.tsx">
        <metrics statements="25" coveredstatements="19" conditionals="12" coveredconditionals="7" methods="11" coveredmethods="6"/>
        <line num="6" count="3" type="stmt"/>
        <line num="7" count="4" type="stmt"/>
        <line num="8" count="4" type="stmt"/>
        <line num="10" count="4" type="stmt"/>
        <line num="11" count="1" type="stmt"/>
        <line num="13" count="1" type="stmt"/>
        <line num="14" count="1" type="stmt"/>
        <line num="16" count="1" type="stmt"/>
        <line num="18" count="1" type="cond" truecount="1" falsecount="1"/>
        <line num="19" count="1" type="stmt"/>
        <line num="20" count="1" type="stmt"/>
        <line num="21" count="1" type="stmt"/>
        <line num="22" count="1" type="stmt"/>
        <line num="23" count="1" type="cond" truecount="1" falsecount="1"/>
        <line num="24" count="1" type="stmt"/>
        <line num="26" count="1" type="cond" truecount="1" falsecount="1"/>
        <line num="27" count="0" type="stmt"/>
        <line num="29" count="1" type="cond" truecount="1" falsecount="1"/>
        <line num="30" count="0" type="stmt"/>
        <line num="34" count="0" type="stmt"/>
        <line num="35" count="0" type="stmt"/>
        <line num="36" count="0" type="stmt"/>
        <line num="41" count="0" type="stmt"/>
        <line num="45" count="4" type="stmt"/>
        <line num="105" count="3" type="cond" truecount="2" falsecount="0"/>
      </file>
    </package>
    <package name="services">
      <metrics statements="3" coveredstatements="1" conditionals="0" coveredconditionals="0" methods="1" coveredmethods="0"/>
      <file name="TokenService.ts" path="C:\Users\Nacha\Documents\Laboratoria\BQA-Client\src\services\TokenService.ts">
        <metrics statements="3" coveredstatements="1" conditionals="0" coveredconditionals="0" methods="1" coveredmethods="0"/>
        <line num="2" count="2" type="stmt"/>
        <line num="4" count="0" type="stmt"/>
        <line num="11" count="0" type="stmt"/>
      </file>
    </package>
  </project>
</coverage>
