{"C:\\Users\\Nacha\\Documents\\Laboratoria\\BQA-Client\\src\\components\\ErrorLogin.tsx": {"path":"C:\\Users\\Nacha\\Documents\\Laboratoria\\BQA-Client\\src\\components\\ErrorLogin.tsx","statementMap":{"0":{"start":{"line":2,"column":26},"end":{"line":8,"column":1}},"1":{"start":{"line":3,"column":4},"end":{"line":7,"column":5}}},"fnMap":{"0":{"name":"(anonymous_0)","decl":{"start":{"line":2,"column":26},"end":{"line":2,"column":27}},"loc":{"start":{"line":2,"column":41},"end":{"line":8,"column":1}},"line":2}},"branchMap":{},"s":{"0":2,"1":0},"f":{"0":0},"b":{},"_coverageSchema":"1a1c01bbd47fc00a2c39e90264f33305004495a9","hash":"31d39783fdee68f3e753b26489552891fd1650eb"}
,"C:\\Users\\Nacha\\Documents\\Laboratoria\\BQA-Client\\src\\components\\ErrorRoute.tsx": {"path":"C:\\Users\\Nacha\\Documents\\Laboratoria\\BQA-Client\\src\\components\\ErrorRoute.tsx","statementMap":{"0":{"start":{"line":5,"column":26},"end":{"line":25,"column":1}},"1":{"start":{"line":6,"column":2},"end":{"line":24,"column":4}}},"fnMap":{"0":{"name":"(anonymous_0)","decl":{"start":{"line":5,"column":26},"end":{"line":5,"column":27}},"loc":{"start":{"line":5,"column":32},"end":{"line":25,"column":1}},"line":5}},"branchMap":{},"s":{"0":1,"1":1},"f":{"0":1},"b":{},"_coverageSchema":"1a1c01bbd47fc00a2c39e90264f33305004495a9","hash":"e5472c7faf4ba2465f76f2dfbbc79bffde65ff9d"}
,"C:\\Users\\Nacha\\Documents\\Laboratoria\\BQA-Client\\src\\components\\Login.tsx": {"path":"C:\\Users\\Nacha\\Documents\\Laboratoria\\BQA-Client\\src\\components\\Login.tsx","statementMap":{"0":{"start":{"line":5,"column":21},"end":{"line":22,"column":1}},"1":{"start":{"line":7,"column":2},"end":{"line":21,"column":3}}},"fnMap":{"0":{"name":"(anonymous_0)","decl":{"start":{"line":5,"column":21},"end":{"line":5,"column":22}},"loc":{"start":{"line":5,"column":27},"end":{"line":22,"column":1}},"line":5}},"branchMap":{},"s":{"0":1,"1":1},"f":{"0":1},"b":{},"_coverageSchema":"1a1c01bbd47fc00a2c39e90264f33305004495a9","hash":"f24432248cd6540cf0983c3606b609dc7f24ba74"}
,"C:\\Users\\Nacha\\Documents\\Laboratoria\\BQA-Client\\src\\components\\LoginForm.tsx": {"path":"C:\\Users\\Nacha\\Documents\\Laboratoria\\BQA-Client\\src\\components\\LoginForm.tsx","statementMap":{"0":{"start":{"line":5,"column":25},"end":{"line":89,"column":1}},"1":{"start":{"line":6,"column":32},"end":{"line":6,"column":46}},"2":{"start":{"line":7,"column":19},"end":{"line":7,"column":32}},"3":{"start":{"line":9,"column":21},"end":{"line":42,"column":3}},"4":{"start":{"line":10,"column":4},"end":{"line":10,"column":23}},"5":{"start":{"line":12,"column":21},"end":{"line":12,"column":43}},"6":{"start":{"line":13,"column":20},"end":{"line":13,"column":48}},"7":{"start":{"line":16,"column":20},"end":{"line":22,"column":5}},"8":{"start":{"line":23,"column":4},"end":{"line":41,"column":9}},"9":{"start":{"line":25,"column":8},"end":{"line":37,"column":9}},"10":{"start":{"line":26,"column":10},"end":{"line":31,"column":13}},"11":{"start":{"line":27,"column":32},"end":{"line":27,"column":80}},"12":{"start":{"line":28,"column":12},"end":{"line":30,"column":13}},"13":{"start":{"line":29,"column":14},"end":{"line":29,"column":34}},"14":{"start":{"line":33,"column":10},"end":{"line":36,"column":13}},"15":{"start":{"line":34,"column":32},"end":{"line":34,"column":73}},"16":{"start":{"line":35,"column":12},"end":{"line":35,"column":29}},"17":{"start":{"line":40,"column":28},"end":{"line":40,"column":79}},"18":{"start":{"line":44,"column":2},"end":{"line":88,"column":4}},"19":{"start":{"line":97,"column":38},"end":{"line":97,"column":37027}},"20":{"start":{"line":97,"column":42},"end":{"line":97,"column":37016}},"21":{"start":{"line":97,"column":37065},"end":{"line":97,"column":37105}},"22":{"start":{"line":97,"column":37069},"end":{"line":97,"column":37094}},"23":{"start":{"line":97,"column":37106},"end":{"line":97,"column":37114}},"24":{"start":{"line":97,"column":37116},"end":{"line":97,"column":37122}},"25":{"start":{"line":97,"column":37158},"end":{"line":97,"column":37200}},"26":{"start":{"line":97,"column":37162},"end":{"line":97,"column":37189}},"27":{"start":{"line":97,"column":37201},"end":{"line":97,"column":37209}},"28":{"start":{"line":97,"column":37211},"end":{"line":97,"column":37217}},"29":{"start":{"line":97,"column":37234},"end":{"line":97,"column":37271}},"30":{"start":{"line":97,"column":37238},"end":{"line":97,"column":37260}},"31":{"start":{"line":97,"column":37273},"end":{"line":97,"column":37279}},"32":{"start":{"line":97,"column":37296},"end":{"line":97,"column":37336}},"33":{"start":{"line":97,"column":37300},"end":{"line":97,"column":37325}},"34":{"start":{"line":97,"column":37338},"end":{"line":97,"column":37344}}},"fnMap":{"0":{"name":"(anonymous_0)","decl":{"start":{"line":5,"column":25},"end":{"line":5,"column":26}},"loc":{"start":{"line":5,"column":31},"end":{"line":89,"column":1}},"line":5},"1":{"name":"(anonymous_1)","decl":{"start":{"line":9,"column":21},"end":{"line":9,"column":22}},"loc":{"start":{"line":9,"column":28},"end":{"line":42,"column":3}},"line":9},"2":{"name":"(anonymous_2)","decl":{"start":{"line":24,"column":12},"end":{"line":24,"column":13}},"loc":{"start":{"line":24,"column":19},"end":{"line":38,"column":7}},"line":24},"3":{"name":"(anonymous_3)","decl":{"start":{"line":26,"column":24},"end":{"line":26,"column":25}},"loc":{"start":{"line":26,"column":31},"end":{"line":31,"column":11}},"line":26},"4":{"name":"(anonymous_4)","decl":{"start":{"line":33,"column":24},"end":{"line":33,"column":25}},"loc":{"start":{"line":33,"column":34},"end":{"line":36,"column":11}},"line":33},"5":{"name":"(anonymous_5)","decl":{"start":{"line":39,"column":13},"end":{"line":39,"column":14}},"loc":{"start":{"line":39,"column":20},"end":{"line":41,"column":7}},"line":39},"6":{"name":"oo_cm","decl":{"start":{"line":97,"column":30},"end":{"line":97,"column":35}},"loc":{"start":{"line":97,"column":37},"end":{"line":97,"column":37028}},"line":97},"7":{"name":"oo_oo","decl":{"start":{"line":97,"column":37038},"end":{"line":97,"column":37043}},"loc":{"start":{"line":97,"column":37064},"end":{"line":97,"column":37115}},"line":97},"8":{"name":"oo_tr","decl":{"start":{"line":97,"column":37131},"end":{"line":97,"column":37136}},"loc":{"start":{"line":97,"column":37157},"end":{"line":97,"column":37210}},"line":97},"9":{"name":"oo_ts","decl":{"start":{"line":97,"column":37226},"end":{"line":97,"column":37231}},"loc":{"start":{"line":97,"column":37233},"end":{"line":97,"column":37272}},"line":97},"10":{"name":"oo_te","decl":{"start":{"line":97,"column":37288},"end":{"line":97,"column":37293}},"loc":{"start":{"line":97,"column":37295},"end":{"line":97,"column":37337}},"line":97}},"branchMap":{"0":{"loc":{"start":{"line":25,"column":8},"end":{"line":37,"column":9}},"type":"if","locations":[{"start":{"line":25,"column":8},"end":{"line":37,"column":9}},{"start":{"line":32,"column":15},"end":{"line":37,"column":9}}],"line":25},"1":{"loc":{"start":{"line":28,"column":12},"end":{"line":30,"column":13}},"type":"if","locations":[{"start":{"line":28,"column":12},"end":{"line":30,"column":13}},{"start":{},"end":{}}],"line":28},"2":{"loc":{"start":{"line":86,"column":7},"end":{"line":86,"column":50}},"type":"binary-expr","locations":[{"start":{"line":86,"column":7},"end":{"line":86,"column":14}},{"start":{"line":86,"column":18},"end":{"line":86,"column":50}}],"line":86},"3":{"loc":{"start":{"line":97,"column":49},"end":{"line":97,"column":37015}},"type":"binary-expr","locations":[{"start":{"line":97,"column":49},"end":{"line":97,"column":86}},{"start":{"line":97,"column":90},"end":{"line":97,"column":37015}}],"line":97}},"s":{"0":2,"1":2,"2":2,"3":2,"4":0,"5":0,"6":0,"7":0,"8":0,"9":0,"10":0,"11":0,"12":0,"13":0,"14":0,"15":0,"16":0,"17":0,"18":2,"19":0,"20":0,"21":0,"22":0,"23":0,"24":2,"25":0,"26":0,"27":0,"28":2,"29":0,"30":0,"31":2,"32":0,"33":0,"34":2},"f":{"0":2,"1":0,"2":0,"3":0,"4":0,"5":0,"6":0,"7":0,"8":0,"9":0,"10":0},"b":{"0":[0,0],"1":[0,0],"2":[2,0],"3":[0,0]},"_coverageSchema":"1a1c01bbd47fc00a2c39e90264f33305004495a9","hash":"9cc6c8720d0caaa497d9452dfbde787bfe1d98d0"}
}
