{"/Users/esthefaniagv/burguer-queen-api-client/src/components/ErrorLogin.tsx": {"path":"/Users/esthefaniagv/burguer-queen-api-client/src/components/ErrorLogin.tsx","statementMap":{"0":{"start":{"line":2,"column":26},"end":{"line":8,"column":1}},"1":{"start":{"line":3,"column":4},"end":{"line":7,"column":5}}},"fnMap":{"0":{"name":"(anonymous_0)","decl":{"start":{"line":2,"column":26},"end":{"line":2,"column":27}},"loc":{"start":{"line":2,"column":41},"end":{"line":8,"column":1}},"line":2}},"branchMap":{},"s":{"0":1,"1":0},"f":{"0":0},"b":{},"_coverageSchema":"1a1c01bbd47fc00a2c39e90264f33305004495a9","hash":"74a5e6331c69bed783824706c2067384d8b1b05b"}
,"/Users/esthefaniagv/burguer-queen-api-client/src/components/LoginForm.tsx": {"path":"/Users/esthefaniagv/burguer-queen-api-client/src/components/LoginForm.tsx","statementMap":{"0":{"start":{"line":6,"column":25},"end":{"line":94,"column":1}},"1":{"start":{"line":7,"column":32},"end":{"line":7,"column":46}},"2":{"start":{"line":8,"column":19},"end":{"line":8,"column":32}},"3":{"start":{"line":10,"column":21},"end":{"line":40,"column":3}},"4":{"start":{"line":11,"column":4},"end":{"line":11,"column":23}},"5":{"start":{"line":13,"column":21},"end":{"line":13,"column":43}},"6":{"start":{"line":14,"column":20},"end":{"line":14,"column":48}},"7":{"start":{"line":16,"column":4},"end":{"line":39,"column":9}},"8":{"start":{"line":18,"column":8},"end":{"line":35,"column":9}},"9":{"start":{"line":19,"column":10},"end":{"line":29,"column":13}},"10":{"start":{"line":20,"column":12},"end":{"line":20,"column":59}},"11":{"start":{"line":21,"column":12},"end":{"line":21,"column":56}},"12":{"start":{"line":22,"column":32},"end":{"line":22,"column":83}},"13":{"start":{"line":23,"column":12},"end":{"line":25,"column":13}},"14":{"start":{"line":24,"column":14},"end":{"line":24,"column":34}},"15":{"start":{"line":26,"column":12},"end":{"line":28,"column":13}},"16":{"start":{"line":27,"column":14},"end":{"line":27,"column":32}},"17":{"start":{"line":31,"column":10},"end":{"line":34,"column":13}},"18":{"start":{"line":32,"column":32},"end":{"line":32,"column":74}},"19":{"start":{"line":33,"column":12},"end":{"line":33,"column":29}},"20":{"start":{"line":38,"column":28},"end":{"line":38,"column":80}},"21":{"start":{"line":42,"column":2},"end":{"line":93,"column":4}},"22":{"start":{"line":102,"column":38},"end":{"line":102,"column":37201}},"23":{"start":{"line":102,"column":42},"end":{"line":102,"column":37190}},"24":{"start":{"line":102,"column":37239},"end":{"line":102,"column":37279}},"25":{"start":{"line":102,"column":37243},"end":{"line":102,"column":37268}},"26":{"start":{"line":102,"column":37280},"end":{"line":102,"column":37288}},"27":{"start":{"line":102,"column":37290},"end":{"line":102,"column":37296}},"28":{"start":{"line":102,"column":37332},"end":{"line":102,"column":37374}},"29":{"start":{"line":102,"column":37336},"end":{"line":102,"column":37363}},"30":{"start":{"line":102,"column":37375},"end":{"line":102,"column":37383}},"31":{"start":{"line":102,"column":37385},"end":{"line":102,"column":37391}},"32":{"start":{"line":102,"column":37408},"end":{"line":102,"column":37445}},"33":{"start":{"line":102,"column":37412},"end":{"line":102,"column":37434}},"34":{"start":{"line":102,"column":37447},"end":{"line":102,"column":37453}},"35":{"start":{"line":102,"column":37470},"end":{"line":102,"column":37510}},"36":{"start":{"line":102,"column":37474},"end":{"line":102,"column":37499}},"37":{"start":{"line":102,"column":37512},"end":{"line":102,"column":37518}}},"fnMap":{"0":{"name":"(anonymous_0)","decl":{"start":{"line":6,"column":25},"end":{"line":6,"column":26}},"loc":{"start":{"line":6,"column":31},"end":{"line":94,"column":1}},"line":6},"1":{"name":"(anonymous_1)","decl":{"start":{"line":10,"column":21},"end":{"line":10,"column":22}},"loc":{"start":{"line":10,"column":28},"end":{"line":40,"column":3}},"line":10},"2":{"name":"(anonymous_2)","decl":{"start":{"line":17,"column":12},"end":{"line":17,"column":13}},"loc":{"start":{"line":17,"column":19},"end":{"line":36,"column":7}},"line":17},"3":{"name":"(anonymous_3)","decl":{"start":{"line":19,"column":24},"end":{"line":19,"column":25}},"loc":{"start":{"line":19,"column":33},"end":{"line":29,"column":11}},"line":19},"4":{"name":"(anonymous_4)","decl":{"start":{"line":31,"column":24},"end":{"line":31,"column":25}},"loc":{"start":{"line":31,"column":34},"end":{"line":34,"column":11}},"line":31},"5":{"name":"(anonymous_5)","decl":{"start":{"line":37,"column":13},"end":{"line":37,"column":14}},"loc":{"start":{"line":37,"column":20},"end":{"line":39,"column":7}},"line":37},"6":{"name":"oo_cm","decl":{"start":{"line":102,"column":30},"end":{"line":102,"column":35}},"loc":{"start":{"line":102,"column":37},"end":{"line":102,"column":37202}},"line":102},"7":{"name":"oo_oo","decl":{"start":{"line":102,"column":37212},"end":{"line":102,"column":37217}},"loc":{"start":{"line":102,"column":37238},"end":{"line":102,"column":37289}},"line":102},"8":{"name":"oo_tr","decl":{"start":{"line":102,"column":37305},"end":{"line":102,"column":37310}},"loc":{"start":{"line":102,"column":37331},"end":{"line":102,"column":37384}},"line":102},"9":{"name":"oo_ts","decl":{"start":{"line":102,"column":37400},"end":{"line":102,"column":37405}},"loc":{"start":{"line":102,"column":37407},"end":{"line":102,"column":37446}},"line":102},"10":{"name":"oo_te","decl":{"start":{"line":102,"column":37462},"end":{"line":102,"column":37467}},"loc":{"start":{"line":102,"column":37469},"end":{"line":102,"column":37511}},"line":102}},"branchMap":{"0":{"loc":{"start":{"line":18,"column":8},"end":{"line":35,"column":9}},"type":"if","locations":[{"start":{"line":18,"column":8},"end":{"line":35,"column":9}},{"start":{"line":30,"column":15},"end":{"line":35,"column":9}}],"line":18},"1":{"loc":{"start":{"line":23,"column":12},"end":{"line":25,"column":13}},"type":"if","locations":[{"start":{"line":23,"column":12},"end":{"line":25,"column":13}},{"start":{},"end":{}}],"line":23},"2":{"loc":{"start":{"line":26,"column":12},"end":{"line":28,"column":13}},"type":"if","locations":[{"start":{"line":26,"column":12},"end":{"line":28,"column":13}},{"start":{},"end":{}}],"line":26},"3":{"loc":{"start":{"line":91,"column":7},"end":{"line":91,"column":50}},"type":"binary-expr","locations":[{"start":{"line":91,"column":7},"end":{"line":91,"column":14}},{"start":{"line":91,"column":18},"end":{"line":91,"column":50}}],"line":91},"4":{"loc":{"start":{"line":102,"column":49},"end":{"line":102,"column":37189}},"type":"binary-expr","locations":[{"start":{"line":102,"column":49},"end":{"line":102,"column":86}},{"start":{"line":102,"column":90},"end":{"line":102,"column":37189}}],"line":102}},"s":{"0":1,"1":2,"2":2,"3":2,"4":1,"5":1,"6":1,"7":1,"8":1,"9":1,"10":1,"11":1,"12":1,"13":1,"14":1,"15":1,"16":0,"17":0,"18":0,"19":0,"20":0,"21":2,"22":1,"23":1,"24":1,"25":1,"26":1,"27":1,"28":0,"29":0,"30":0,"31":1,"32":0,"33":0,"34":1,"35":0,"36":0,"37":1},"f":{"0":2,"1":1,"2":1,"3":1,"4":0,"5":0,"6":1,"7":1,"8":0,"9":0,"10":0},"b":{"0":[1,0],"1":[1,0],"2":[0,1],"3":[2,0],"4":[1,1]},"_coverageSchema":"1a1c01bbd47fc00a2c39e90264f33305004495a9","hash":"f7bd20d6bd8122f94f1cacbd4e855bcc24f7c51c"}
}
