TN:
SF:src\components\ErrorLogin.tsx
FN:2,(anonymous_0)
FNF:1
FNH:0
FNDA:0,(anonymous_0)
DA:2,3
DA:3,0
LF:2
LH:1
BRF:0
BRH:0
end_of_record
TN:
SF:src\components\ErrorRoute.tsx
FN:5,(anonymous_0)
FNF:1
FNH:1
FNDA:1,(anonymous_0)
DA:5,1
DA:6,1
LF:2
LH:2
BRF:0
BRH:0
end_of_record
TN:
SF:src\components\Login.tsx
FN:5,(anonymous_0)
FNF:1
FNH:1
FNDA:1,(anonymous_0)
DA:5,1
DA:7,1
LF:2
LH:2
BRF:0
BRH:0
end_of_record
TN:
SF:src\components\LoginForm.tsx
FN:6,(anonymous_0)
FN:10,(anonymous_1)
FN:17,(anonymous_2)
FN:19,(anonymous_3)
FN:34,(anonymous_4)
FN:40,(anonymous_5)
FN:105,oo_cm
FN:105,oo_oo
FN:105,oo_tr
FN:105,oo_ts
FN:105,oo_te
FNF:11
FNH:6
FNDA:4,(anonymous_0)
FNDA:1,(anonymous_1)
FNDA:1,(anonymous_2)
FNDA:1,(anonymous_3)
FNDA:0,(anonymous_4)
FNDA:0,(anonymous_5)
FNDA:1,oo_cm
FNDA:1,oo_oo
FNDA:0,oo_tr
FNDA:0,oo_ts
FNDA:0,oo_te
DA:6,3
DA:7,4
DA:8,4
DA:10,4
DA:11,1
DA:13,1
DA:14,1
DA:16,1
DA:18,1
DA:19,1
DA:20,1
DA:21,1
DA:22,1
DA:23,1
DA:24,1
DA:26,1
DA:27,0
DA:29,1
DA:30,0
DA:34,0
DA:35,0
DA:36,0
DA:41,0
DA:45,4
DA:105,3
LF:25
LH:19
BRDA:18,0,0,1
BRDA:18,0,1,0
BRDA:23,1,0,1
BRDA:23,1,1,0
BRDA:26,2,0,0
BRDA:26,2,1,1
BRDA:29,3,0,0
BRDA:29,3,1,1
BRDA:94,4,0,4
BRDA:94,4,1,0
BRDA:105,5,0,1
BRDA:105,5,1,1
BRF:12
BRH:7
end_of_record
TN:
SF:src\services\TokenService.ts
FN:2,(anonymous_0)
FNF:1
FNH:0
FNDA:0,(anonymous_0)
DA:2,2
DA:4,0
DA:11,0
LF:3
LH:1
BRF:0
BRH:0
end_of_record
